<?xml version="1.0" encoding="UTF-8"?>
<testng-results ignored="0" total="1" passed="0" failed="1" skipped="0">
  <reporter-output>
  </reporter-output>
  <suite started-at="2023-04-03T00:18:49 IST" name="Default suite" finished-at="2023-04-03T00:18:50 IST" duration-ms="94">
    <groups>
      <group name="MyWish">
        <method signature="SubmitShoeOrders.wishListOrder(java.util.HashMap)[pri:0, instance:retailpackage.RTtests.SubmitShoeOrders@351d00c0]" name="wishListOrder" class="retailpackage.RTtests.SubmitShoeOrders"/>
      </group> <!-- MyWish -->
    </groups>
    <test started-at="2023-04-03T00:18:49 IST" name="Default test" finished-at="2023-04-03T00:18:50 IST" duration-ms="94">
      <class name="retailpackage.RTtests.SubmitShoeOrders">
        <test-method signature="wishListOrder(java.util.HashMap)[pri:0, instance:retailpackage.RTtests.SubmitShoeOrders@351d00c0]" started-at="2023-04-03T00:18:50 IST" name="wishListOrder" data-provider="getData2" finished-at="2023-04-03T00:18:50 IST" duration-ms="0" status="FAIL">
          <exception class="java.lang.RuntimeException">
            <message>
              <![CDATA[java.io.FileNotFoundException: C:\Users\USER1\RetailWorspaceLocal\RetailUIAutomation1\src\test\java\rahulshettyacademy\data\WishListOrder.json (The system cannot find the file specified)]]>
            </message>
            <full-stacktrace>
              <![CDATA[java.lang.RuntimeException: java.io.FileNotFoundException: C:\Users\USER1\RetailWorspaceLocal\RetailUIAutomation1\src\test\java\rahulshettyacademy\data\WishListOrder.json (The system cannot find the file specified)
at org.testng.internal.invokers.MethodInvocationHelper.invokeMethodNoCheckedException(MethodInvocationHelper.java:57)
at org.testng.internal.invokers.MethodInvocationHelper.invokeDataProvider(MethodInvocationHelper.java:157)
at org.testng.internal.Parameters.handleParameters(Parameters.java:803)
at org.testng.internal.Parameters.handleParameters(Parameters.java:728)
at org.testng.internal.invokers.ParameterHandler.handleParameters(ParameterHandler.java:72)
at org.testng.internal.invokers.ParameterHandler.createParameters(ParameterHandler.java:51)
at org.testng.internal.invokers.TestInvoker$MethodInvocationAgent.invoke(TestInvoker.java:924)
at org.testng.internal.invokers.TestInvoker.invokeTestMethods(TestInvoker.java:194)
at org.testng.internal.invokers.TestMethodWorker.invokeTestMethods(TestMethodWorker.java:148)
at org.testng.internal.invokers.TestMethodWorker.run(TestMethodWorker.java:128)
at java.base/java.util.ArrayList.forEach(ArrayList.java:1511)
at org.testng.TestRunner.privateRun(TestRunner.java:829)
at org.testng.TestRunner.run(TestRunner.java:602)
at org.testng.SuiteRunner.runTest(SuiteRunner.java:437)
at org.testng.SuiteRunner.runSequentially(SuiteRunner.java:431)
at org.testng.SuiteRunner.privateRun(SuiteRunner.java:391)
at org.testng.SuiteRunner.run(SuiteRunner.java:330)
at org.testng.SuiteRunnerWorker.runSuite(SuiteRunnerWorker.java:52)
at org.testng.SuiteRunnerWorker.run(SuiteRunnerWorker.java:95)
at org.testng.TestNG.runSuitesSequentially(TestNG.java:1256)
at org.testng.TestNG.runSuitesLocally(TestNG.java:1176)
at org.testng.TestNG.runSuites(TestNG.java:1099)
at org.testng.TestNG.run(TestNG.java:1067)
at org.testng.remote.AbstractRemoteTestNG.run(AbstractRemoteTestNG.java:115)
at org.testng.remote.RemoteTestNG.initAndRun(RemoteTestNG.java:251)
at org.testng.remote.RemoteTestNG.main(RemoteTestNG.java:77)
Caused by: java.io.FileNotFoundException: C:\Users\USER1\RetailWorspaceLocal\RetailUIAutomation1\src\test\java\rahulshettyacademy\data\WishListOrder.json (The system cannot find the file specified)
at java.base/java.io.FileInputStream.open0(Native Method)
at java.base/java.io.FileInputStream.open(FileInputStream.java:219)
at java.base/java.io.FileInputStream.<init>(FileInputStream.java:158)
at org.apache.commons.io.FileUtils.openInputStream(FileUtils.java:2388)
at org.apache.commons.io.FileUtils.readFileToString(FileUtils.java:2506)
at org.apache.commons.io.FileUtils.readFileToString(FileUtils.java:2489)
at retailpackage.testcomponents.BaseTest.getJsonDataToMap(BaseTest.java:51)
at retailpackage.RTtests.SubmitShoeOrders.getData2(SubmitShoeOrders.java:87)
at java.base/jdk.internal.reflect.DirectMethodHandleAccessor.invoke(DirectMethodHandleAccessor.java:104)
at java.base/java.lang.reflect.Method.invoke(Method.java:578)
at org.testng.internal.invokers.MethodInvocationHelper.invokeMethod(MethodInvocationHelper.java:139)
at org.testng.internal.invokers.MethodInvocationHelper.invokeMethod(MethodInvocationHelper.java:84)
at org.testng.internal.invokers.MethodInvocationHelper.invokeMethodNoCheckedException(MethodInvocationHelper.java:53)
... 25 more
]]>
            </full-stacktrace>
          </exception> <!-- java.lang.RuntimeException -->
          <reporter-output>
          </reporter-output>
        </test-method> <!-- wishListOrder -->
      </class> <!-- retailpackage.RTtests.SubmitShoeOrders -->
    </test> <!-- Default test -->
  </suite> <!-- Default suite -->
</testng-results>
